<?xml version="1.0" encoding="UTF-8"?>
<!-- Generated by org.testng.reporters.JUnitReportReporter -->
<testsuite hostname="Mohammeds-MacBook-Pro.local" failures="0" tests="7" name="urbantestpackage.urbantestclass" time="50.210" errors="0" timestamp="2024-05-22T14:26:12 IST" skipped="0">
  <testcase classname="urbantestpackage.urbantestclass" name="lognicon" time="4.198"/>
  <testcase classname="urbantestpackage.urbantestclass" name="logintosite" time="14.158"/>
  <testcase classname="urbantestpackage.urbantestclass" name="pdctclick" time="12.886"/>
  <testcase classname="urbantestpackage.urbantestclass" name="secondpdtclick" time="7.009"/>
  <testcase classname="urbantestpackage.urbantestclass" name="checkoutclickk" time="5.549"/>
  <testcase classname="urbantestpackage.urbantestclass" name="backtohome" time="1.945"/>
  <testcase classname="urbantestpackage.urbantestclass" name="logout" time="4.465"/>
</testsuite> <!-- urbantestpackage.urbantestclass -->
